Added Component: Designator=C1(CAP-0603)
Add component. Clean all parameters for all variants
Add component (AddParameter): Name = "Component Type"; Value = "Ceramic Capacitor"; VariantName = "[No Variations]"
Add component (AddParameter): Name = "Man Code"; Value = "CGA3E2X7R1H104K080AA"; VariantName = "[No Variations]"
Add component (AddParameter): Name = "Manufacturer"; Value = "TDK"; VariantName = "[No Variations]"
Add component (AddParameter): Name = "Temperature Coefficient"; Value = "X7R"; VariantName = "[No Variations]"
Add component (AddParameter): Name = "Tolerance"; Value = "%10"; VariantName = "[No Variations]"
Add component (AddParameter): Name = "Value"; Value = "100nF"; VariantName = "[No Variations]"
Add component (AddParameter): Name = "Voltage"; Value = "50V"; VariantName = "[No Variations]"
Added Component: Designator=C2(CAP-0603)
Add component. Clean all parameters for all variants
Add component (AddParameter): Name = "Component Type"; Value = "Ceramic Capacitor"; VariantName = "[No Variations]"
Add component (AddParameter): Name = "Man Code"; Value = "CGA3E2X7R1H104K080AA"; VariantName = "[No Variations]"
Add component (AddParameter): Name = "Manufacturer"; Value = "TDK"; VariantName = "[No Variations]"
Add component (AddParameter): Name = "Temperature Coefficient"; Value = "X7R"; VariantName = "[No Variations]"
Add component (AddParameter): Name = "Tolerance"; Value = "%10"; VariantName = "[No Variations]"
Add component (AddParameter): Name = "Value"; Value = "100nF"; VariantName = "[No Variations]"
Add component (AddParameter): Name = "Voltage"; Value = "50V"; VariantName = "[No Variations]"
Added Component: Designator=C3(CAP-0603)
Add component. Clean all parameters for all variants
Add component (AddParameter): Name = "Component Type"; Value = "Ceramic Capacitor"; VariantName = "[No Variations]"
Add component (AddParameter): Name = "Man Code"; Value = "CGA3E2X7R1H104K080AA"; VariantName = "[No Variations]"
Add component (AddParameter): Name = "Manufacturer"; Value = "TDK"; VariantName = "[No Variations]"
Add component (AddParameter): Name = "Temperature Coefficient"; Value = "X7R"; VariantName = "[No Variations]"
Add component (AddParameter): Name = "Tolerance"; Value = "%10"; VariantName = "[No Variations]"
Add component (AddParameter): Name = "Value"; Value = "100nF"; VariantName = "[No Variations]"
Add component (AddParameter): Name = "Voltage"; Value = "50V"; VariantName = "[No Variations]"
Added Component: Designator=C4(CAP-0603)
Add component. Clean all parameters for all variants
Add component (AddParameter): Name = "Component Type"; Value = "Ceramic Capacitor"; VariantName = "[No Variations]"
Add component (AddParameter): Name = "Man Code"; Value = "06031C103K4T4A"; VariantName = "[No Variations]"
Add component (AddParameter): Name = "Manufacturer"; Value = "AVX"; VariantName = "[No Variations]"
Add component (AddParameter): Name = "Temperature Coefficient"; Value = "X7R"; VariantName = "[No Variations]"
Add component (AddParameter): Name = "Tolerance"; Value = "%10"; VariantName = "[No Variations]"
Add component (AddParameter): Name = "Value"; Value = "10nF"; VariantName = "[No Variations]"
Add component (AddParameter): Name = "Voltage"; Value = "100V"; VariantName = "[No Variations]"
Added Component: Designator=C5(CAP-0603)
Add component. Clean all parameters for all variants
Add component (AddParameter): Name = "Component Type"; Value = "Ceramic Capacitor"; VariantName = "[No Variations]"
Add component (AddParameter): Name = "Man Code"; Value = "06031C103K4T4A"; VariantName = "[No Variations]"
Add component (AddParameter): Name = "Manufacturer"; Value = "AVX"; VariantName = "[No Variations]"
Add component (AddParameter): Name = "Temperature Coefficient"; Value = "X7R"; VariantName = "[No Variations]"
Add component (AddParameter): Name = "Tolerance"; Value = "%10"; VariantName = "[No Variations]"
Add component (AddParameter): Name = "Value"; Value = "10nF"; VariantName = "[No Variations]"
Add component (AddParameter): Name = "Voltage"; Value = "100V"; VariantName = "[No Variations]"
Added Component: Designator=C6(CAP-0805)
Add component. Clean all parameters for all variants
Add component (AddParameter): Name = "Component Type"; Value = "Ceramic Capacitor"; VariantName = "[No Variations]"
Add component (AddParameter): Name = "Man Code"; Value = "CL21C220JBANNNC"; VariantName = "[No Variations]"
Add component (AddParameter): Name = "Manufacturer"; Value = "Samsung Electro-Mechanics"; VariantName = "[No Variations]"
Add component (AddParameter): Name = "Temperature Coefficient"; Value = "C0G"; VariantName = "[No Variations]"
Add component (AddParameter): Name = "Tolerance"; Value = "%5"; VariantName = "[No Variations]"
Add component (AddParameter): Name = "Value"; Value = "22pF"; VariantName = "[No Variations]"
Add component (AddParameter): Name = "Voltage"; Value = "50V"; VariantName = "[No Variations]"
Added Component: Designator=C7(CAP-0805)
Add component. Clean all parameters for all variants
Add component (AddParameter): Name = "Component Type"; Value = "Ceramic Capacitor"; VariantName = "[No Variations]"
Add component (AddParameter): Name = "Man Code"; Value = "CL21C220JBANNNC"; VariantName = "[No Variations]"
Add component (AddParameter): Name = "Manufacturer"; Value = "Samsung Electro-Mechanics"; VariantName = "[No Variations]"
Add component (AddParameter): Name = "Temperature Coefficient"; Value = "C0G"; VariantName = "[No Variations]"
Add component (AddParameter): Name = "Tolerance"; Value = "%5"; VariantName = "[No Variations]"
Add component (AddParameter): Name = "Value"; Value = "22pF"; VariantName = "[No Variations]"
Add component (AddParameter): Name = "Voltage"; Value = "50V"; VariantName = "[No Variations]"
Added Component: Designator=C8(CAP-0603)
Add component. Clean all parameters for all variants
Add component (AddParameter): Name = "Component Type"; Value = "Ceramic Capacitor"; VariantName = "[No Variations]"
Add component (AddParameter): Name = "Man Code"; Value = "CGA3E2X7R1H104K080AA"; VariantName = "[No Variations]"
Add component (AddParameter): Name = "Manufacturer"; Value = "TDK"; VariantName = "[No Variations]"
Add component (AddParameter): Name = "Temperature Coefficient"; Value = "X7R"; VariantName = "[No Variations]"
Add component (AddParameter): Name = "Tolerance"; Value = "%10"; VariantName = "[No Variations]"
Add component (AddParameter): Name = "Value"; Value = "100nF"; VariantName = "[No Variations]"
Add component (AddParameter): Name = "Voltage"; Value = "50V"; VariantName = "[No Variations]"
Added Component: Designator=C9(CAP-0805)
Add component. Clean all parameters for all variants
Add component (AddParameter): Name = "Component Type"; Value = "Ceramic Capacitor"; VariantName = "[No Variations]"
Add component (AddParameter): Name = "Man Code"; Value = "C0805C475K3RACAUTO"; VariantName = "[No Variations]"
Add component (AddParameter): Name = "Manufacturer"; Value = "Kemet"; VariantName = "[No Variations]"
Add component (AddParameter): Name = "Temperature Coefficient"; Value = "X7R"; VariantName = "[No Variations]"
Add component (AddParameter): Name = "Tolerance"; Value = "%10"; VariantName = "[No Variations]"
Add component (AddParameter): Name = "Value"; Value = "4.7uF"; VariantName = "[No Variations]"
Add component (AddParameter): Name = "Voltage"; Value = "25V"; VariantName = "[No Variations]"
Added Component: Designator=C10(CAP-0603)
Add component. Clean all parameters for all variants
Add component (AddParameter): Name = "Component Type"; Value = "Ceramic Capacitor"; VariantName = "[No Variations]"
Add component (AddParameter): Name = "Man Code"; Value = "CGA3E2X7R1H104K080AA"; VariantName = "[No Variations]"
Add component (AddParameter): Name = "Manufacturer"; Value = "TDK"; VariantName = "[No Variations]"
Add component (AddParameter): Name = "Temperature Coefficient"; Value = "X7R"; VariantName = "[No Variations]"
Add component (AddParameter): Name = "Tolerance"; Value = "%10"; VariantName = "[No Variations]"
Add component (AddParameter): Name = "Value"; Value = "100nF"; VariantName = "[No Variations]"
Add component (AddParameter): Name = "Voltage"; Value = "50V"; VariantName = "[No Variations]"
Added Component: Designator=C11(CAP-0603)
Add component. Clean all parameters for all variants
Add component (AddParameter): Name = "Component Type"; Value = "Ceramic Capacitor"; VariantName = "[No Variations]"
Add component (AddParameter): Name = "Man Code"; Value = "CGA3E2X7R1H104K080AA"; VariantName = "[No Variations]"
Add component (AddParameter): Name = "Manufacturer"; Value = "TDK"; VariantName = "[No Variations]"
Add component (AddParameter): Name = "Temperature Coefficient"; Value = "X7R"; VariantName = "[No Variations]"
Add component (AddParameter): Name = "Tolerance"; Value = "%10"; VariantName = "[No Variations]"
Add component (AddParameter): Name = "Value"; Value = "100nF"; VariantName = "[No Variations]"
Add component (AddParameter): Name = "Voltage"; Value = "50V"; VariantName = "[No Variations]"
Added Component: Designator=C12(CAP-0603)
Add component. Clean all parameters for all variants
Add component (AddParameter): Name = "Component Type"; Value = "Ceramic Capacitor"; VariantName = "[No Variations]"
Add component (AddParameter): Name = "Man Code"; Value = "CGA3E2X7R1H104K080AA"; VariantName = "[No Variations]"
Add component (AddParameter): Name = "Manufacturer"; Value = "TDK"; VariantName = "[No Variations]"
Add component (AddParameter): Name = "Temperature Coefficient"; Value = "X7R"; VariantName = "[No Variations]"
Add component (AddParameter): Name = "Tolerance"; Value = "%10"; VariantName = "[No Variations]"
Add component (AddParameter): Name = "Value"; Value = "100nF"; VariantName = "[No Variations]"
Add component (AddParameter): Name = "Voltage"; Value = "50V"; VariantName = "[No Variations]"
Added Component: Designator=C13(CAP-0603)
Add component. Clean all parameters for all variants
Add component (AddParameter): Name = "Component Type"; Value = "Ceramic Capacitor"; VariantName = "[No Variations]"
Add component (AddParameter): Name = "Man Code"; Value = "CGA3E2X7R1H104K080AA"; VariantName = "[No Variations]"
Add component (AddParameter): Name = "Manufacturer"; Value = "TDK"; VariantName = "[No Variations]"
Add component (AddParameter): Name = "Temperature Coefficient"; Value = "X7R"; VariantName = "[No Variations]"
Add component (AddParameter): Name = "Tolerance"; Value = "%10"; VariantName = "[No Variations]"
Add component (AddParameter): Name = "Value"; Value = "100nF"; VariantName = "[No Variations]"
Add component (AddParameter): Name = "Voltage"; Value = "50V"; VariantName = "[No Variations]"
Added Component: Designator=C14(CAP-0603)
Add component. Clean all parameters for all variants
Add component (AddParameter): Name = "Component Type"; Value = "Ceramic Capacitor"; VariantName = "[No Variations]"
Add component (AddParameter): Name = "Man Code"; Value = "CGA3E2X7R1H104K080AA"; VariantName = "[No Variations]"
Add component (AddParameter): Name = "Manufacturer"; Value = "TDK"; VariantName = "[No Variations]"
Add component (AddParameter): Name = "Temperature Coefficient"; Value = "X7R"; VariantName = "[No Variations]"
Add component (AddParameter): Name = "Tolerance"; Value = "%10"; VariantName = "[No Variations]"
Add component (AddParameter): Name = "Value"; Value = "100nF"; VariantName = "[No Variations]"
Add component (AddParameter): Name = "Voltage"; Value = "50V"; VariantName = "[No Variations]"
Added Component: Designator=C15(CAP-0805)
Add component. Clean all parameters for all variants
Add component (AddParameter): Name = "Component Type"; Value = "Ceramic Capacitor"; VariantName = "[No Variations]"
Add component (AddParameter): Name = "Man Code"; Value = "CL21C220JBANNNC"; VariantName = "[No Variations]"
Add component (AddParameter): Name = "Manufacturer"; Value = "Samsung Electro-Mechanics"; VariantName = "[No Variations]"
Add component (AddParameter): Name = "Temperature Coefficient"; Value = "C0G"; VariantName = "[No Variations]"
Add component (AddParameter): Name = "Tolerance"; Value = "%5"; VariantName = "[No Variations]"
Add component (AddParameter): Name = "Value"; Value = "22pF"; VariantName = "[No Variations]"
Add component (AddParameter): Name = "Voltage"; Value = "50V"; VariantName = "[No Variations]"
Added Component: Designator=C16(CAP-0603)
Add component. Clean all parameters for all variants
Add component (AddParameter): Name = "Component Type"; Value = "Ceramic Capacitor"; VariantName = "[No Variations]"
Add component (AddParameter): Name = "Man Code"; Value = "06031C103K4T4A"; VariantName = "[No Variations]"
Add component (AddParameter): Name = "Manufacturer"; Value = "AVX"; VariantName = "[No Variations]"
Add component (AddParameter): Name = "Temperature Coefficient"; Value = "X7R"; VariantName = "[No Variations]"
Add component (AddParameter): Name = "Tolerance"; Value = "%10"; VariantName = "[No Variations]"
Add component (AddParameter): Name = "Value"; Value = "10nF"; VariantName = "[No Variations]"
Add component (AddParameter): Name = "Voltage"; Value = "100V"; VariantName = "[No Variations]"
Added Component: Designator=C17(CAP-0805)
Add component. Clean all parameters for all variants
Add component (AddParameter): Name = "Component Type"; Value = "Ceramic Capacitor"; VariantName = "[No Variations]"
Add component (AddParameter): Name = "Man Code"; Value = "CL21C220JBANNNC"; VariantName = "[No Variations]"
Add component (AddParameter): Name = "Manufacturer"; Value = "Samsung Electro-Mechanics"; VariantName = "[No Variations]"
Add component (AddParameter): Name = "Temperature Coefficient"; Value = "C0G"; VariantName = "[No Variations]"
Add component (AddParameter): Name = "Tolerance"; Value = "%5"; VariantName = "[No Variations]"
Add component (AddParameter): Name = "Value"; Value = "22pF"; VariantName = "[No Variations]"
Add component (AddParameter): Name = "Voltage"; Value = "50V"; VariantName = "[No Variations]"
Added Component: Designator=C18(CAP-0603)
Add component. Clean all parameters for all variants
Add component (AddParameter): Name = "Component Type"; Value = "Ceramic Capacitor"; VariantName = "[No Variations]"
Add component (AddParameter): Name = "Man Code"; Value = "CGA3E2X7R1H104K080AA"; VariantName = "[No Variations]"
Add component (AddParameter): Name = "Manufacturer"; Value = "TDK"; VariantName = "[No Variations]"
Add component (AddParameter): Name = "Temperature Coefficient"; Value = "X7R"; VariantName = "[No Variations]"
Add component (AddParameter): Name = "Tolerance"; Value = "%10"; VariantName = "[No Variations]"
Add component (AddParameter): Name = "Value"; Value = "100nF"; VariantName = "[No Variations]"
Add component (AddParameter): Name = "Voltage"; Value = "50V"; VariantName = "[No Variations]"
Added Component: Designator=C19(CAP-0603)
Add component. Clean all parameters for all variants
Add component (AddParameter): Name = "Component Type"; Value = "Ceramic Capacitor"; VariantName = "[No Variations]"
Add component (AddParameter): Name = "Man Code"; Value = "CGA3E2X7R1H104K080AA"; VariantName = "[No Variations]"
Add component (AddParameter): Name = "Manufacturer"; Value = "TDK"; VariantName = "[No Variations]"
Add component (AddParameter): Name = "Temperature Coefficient"; Value = "X7R"; VariantName = "[No Variations]"
Add component (AddParameter): Name = "Tolerance"; Value = "%10"; VariantName = "[No Variations]"
Add component (AddParameter): Name = "Value"; Value = "100nF"; VariantName = "[No Variations]"
Add component (AddParameter): Name = "Voltage"; Value = "50V"; VariantName = "[No Variations]"
Added Component: Designator=C20(CAP-0603)
Add component. Clean all parameters for all variants
Add component (AddParameter): Name = "Component Type"; Value = "Ceramic Capacitor"; VariantName = "[No Variations]"
Add component (AddParameter): Name = "Man Code"; Value = "CGA3E2X7R1H104K080AA"; VariantName = "[No Variations]"
Add component (AddParameter): Name = "Manufacturer"; Value = "TDK"; VariantName = "[No Variations]"
Add component (AddParameter): Name = "Temperature Coefficient"; Value = "X7R"; VariantName = "[No Variations]"
Add component (AddParameter): Name = "Tolerance"; Value = "%10"; VariantName = "[No Variations]"
Add component (AddParameter): Name = "Value"; Value = "100nF"; VariantName = "[No Variations]"
Add component (AddParameter): Name = "Voltage"; Value = "50V"; VariantName = "[No Variations]"
Added Component: Designator=C21(CAP-0603)
Add component. Clean all parameters for all variants
Add component (AddParameter): Name = "Component Type"; Value = "Ceramic Capacitor"; VariantName = "[No Variations]"
Add component (AddParameter): Name = "Man Code"; Value = "CGA3E2X7R1H104K080AA"; VariantName = "[No Variations]"
Add component (AddParameter): Name = "Manufacturer"; Value = "TDK"; VariantName = "[No Variations]"
Add component (AddParameter): Name = "Temperature Coefficient"; Value = "X7R"; VariantName = "[No Variations]"
Add component (AddParameter): Name = "Tolerance"; Value = "%10"; VariantName = "[No Variations]"
Add component (AddParameter): Name = "Value"; Value = "100nF"; VariantName = "[No Variations]"
Add component (AddParameter): Name = "Voltage"; Value = "50V"; VariantName = "[No Variations]"
Added Component: Designator=C22(CAP-0603)
Add component. Clean all parameters for all variants
Add component (AddParameter): Name = "Component Type"; Value = "Ceramic Capacitor"; VariantName = "[No Variations]"
Add component (AddParameter): Name = "Man Code"; Value = "CGA3E2X7R1H104K080AA"; VariantName = "[No Variations]"
Add component (AddParameter): Name = "Manufacturer"; Value = "TDK"; VariantName = "[No Variations]"
Add component (AddParameter): Name = "Temperature Coefficient"; Value = "X7R"; VariantName = "[No Variations]"
Add component (AddParameter): Name = "Tolerance"; Value = "%10"; VariantName = "[No Variations]"
Add component (AddParameter): Name = "Value"; Value = "100nF"; VariantName = "[No Variations]"
Add component (AddParameter): Name = "Voltage"; Value = "50V"; VariantName = "[No Variations]"
Added Component: Designator=C23(CAP-0603)
Add component. Clean all parameters for all variants
Add component (AddParameter): Name = "Component Type"; Value = "Ceramic Capacitor"; VariantName = "[No Variations]"
Add component (AddParameter): Name = "Man Code"; Value = "CGA3E2X7R1H104K080AA"; VariantName = "[No Variations]"
Add component (AddParameter): Name = "Manufacturer"; Value = "TDK"; VariantName = "[No Variations]"
Add component (AddParameter): Name = "Temperature Coefficient"; Value = "X7R"; VariantName = "[No Variations]"
Add component (AddParameter): Name = "Tolerance"; Value = "%10"; VariantName = "[No Variations]"
Add component (AddParameter): Name = "Value"; Value = "100nF"; VariantName = "[No Variations]"
Add component (AddParameter): Name = "Voltage"; Value = "50V"; VariantName = "[No Variations]"
Added Component: Designator=C24(CAP-1210)
Add component. Clean all parameters for all variants
Add component (AddParameter): Name = "Component Type"; Value = "Ceramic Capacitor"; VariantName = "[No Variations]"
Add component (AddParameter): Name = "Man Code"; Value = "CL32B226KAJNNNE"; VariantName = "[No Variations]"
Add component (AddParameter): Name = "Manufacturer"; Value = "Samsung Electro-Mechanics"; VariantName = "[No Variations]"
Add component (AddParameter): Name = "Temperature Coefficient"; Value = "X7R"; VariantName = "[No Variations]"
Add component (AddParameter): Name = "Tolerance"; Value = "%10"; VariantName = "[No Variations]"
Add component (AddParameter): Name = "Value"; Value = "22uF"; VariantName = "[No Variations]"
Add component (AddParameter): Name = "Voltage"; Value = "25V"; VariantName = "[No Variations]"
Added Component: Designator=C25(CAP-0603)
Add component. Clean all parameters for all variants
Add component (AddParameter): Name = "Component Type"; Value = "Ceramic Capacitor"; VariantName = "[No Variations]"
Add component (AddParameter): Name = "Man Code"; Value = "CGA3E2X7R1H104K080AA"; VariantName = "[No Variations]"
Add component (AddParameter): Name = "Manufacturer"; Value = "TDK"; VariantName = "[No Variations]"
Add component (AddParameter): Name = "Temperature Coefficient"; Value = "X7R"; VariantName = "[No Variations]"
Add component (AddParameter): Name = "Tolerance"; Value = "%10"; VariantName = "[No Variations]"
Add component (AddParameter): Name = "Value"; Value = "100nF"; VariantName = "[No Variations]"
Add component (AddParameter): Name = "Voltage"; Value = "50V"; VariantName = "[No Variations]"
Added Component: Designator=C26(CAP-0603)
Add component. Clean all parameters for all variants
Add component (AddParameter): Name = "Component Type"; Value = "Ceramic Capacitor"; VariantName = "[No Variations]"
Add component (AddParameter): Name = "Man Code"; Value = "GCM1885C2A560FA16D"; VariantName = "[No Variations]"
Add component (AddParameter): Name = "Manufacturer"; Value = "Murata"; VariantName = "[No Variations]"
Add component (AddParameter): Name = "Temperature Coefficient"; Value = "C0G"; VariantName = "[No Variations]"
Add component (AddParameter): Name = "Tolerance"; Value = "%1"; VariantName = "[No Variations]"
Add component (AddParameter): Name = "Value"; Value = "56pF"; VariantName = "[No Variations]"
Add component (AddParameter): Name = "Voltage"; Value = "100V"; VariantName = "[No Variations]"
Added Component: Designator=C27(CAP-1210)
Add component. Clean all parameters for all variants
Add component (AddParameter): Name = "Component Type"; Value = "Ceramic Capacitor"; VariantName = "[No Variations]"
Add component (AddParameter): Name = "Man Code"; Value = "CL32B226KAJNNNE"; VariantName = "[No Variations]"
Add component (AddParameter): Name = "Manufacturer"; Value = "Samsung Electro-Mechanics"; VariantName = "[No Variations]"
Add component (AddParameter): Name = "Temperature Coefficient"; Value = "X7R"; VariantName = "[No Variations]"
Add component (AddParameter): Name = "Tolerance"; Value = "%10"; VariantName = "[No Variations]"
Add component (AddParameter): Name = "Value"; Value = "22uF"; VariantName = "[No Variations]"
Add component (AddParameter): Name = "Voltage"; Value = "25V"; VariantName = "[No Variations]"
Added Component: Designator=C28(CAP-1210)
Add component. Clean all parameters for all variants
Add component (AddParameter): Name = "Component Type"; Value = "Ceramic Capacitor"; VariantName = "[No Variations]"
Add component (AddParameter): Name = "Man Code"; Value = "CL32B226KAJNNNE"; VariantName = "[No Variations]"
Add component (AddParameter): Name = "Manufacturer"; Value = "Samsung Electro-Mechanics"; VariantName = "[No Variations]"
Add component (AddParameter): Name = "Temperature Coefficient"; Value = "X7R"; VariantName = "[No Variations]"
Add component (AddParameter): Name = "Tolerance"; Value = "%10"; VariantName = "[No Variations]"
Add component (AddParameter): Name = "Value"; Value = "22uF"; VariantName = "[No Variations]"
Add component (AddParameter): Name = "Voltage"; Value = "25V"; VariantName = "[No Variations]"
Added Component: Designator=D1(LED-0805)
Add component. Clean all parameters for all variants
Add component (AddParameter): Name = "Colour"; Value = "Yellow"; VariantName = "[No Variations]"
Add component (AddParameter): Name = "Component Type"; Value = "Led"; VariantName = "[No Variations]"
Add component (AddParameter): Name = "If"; Value = "20mA"; VariantName = "[No Variations]"
Add component (AddParameter): Name = "Lens Transparency"; Value = "Water Clear"; VariantName = "[No Variations]"
Add component (AddParameter): Name = "Luminous Intensity"; Value = "94mcd"; VariantName = "[No Variations]"
Add component (AddParameter): Name = "Man Code"; Value = "BL-HKB35A-TRB"; VariantName = "[No Variations]"
Add component (AddParameter): Name = "Manufacturer"; Value = "BRIGHT LED"; VariantName = "[No Variations]"
Add component (AddParameter): Name = "Vf"; Value = "2.2V"; VariantName = "[No Variations]"
Added Component: Designator=D2(LED-0805)
Add component. Clean all parameters for all variants
Add component (AddParameter): Name = "Colour"; Value = "Yellow"; VariantName = "[No Variations]"
Add component (AddParameter): Name = "Component Type"; Value = "Led"; VariantName = "[No Variations]"
Add component (AddParameter): Name = "If"; Value = "20mA"; VariantName = "[No Variations]"
Add component (AddParameter): Name = "Lens Transparency"; Value = "Water Clear"; VariantName = "[No Variations]"
Add component (AddParameter): Name = "Luminous Intensity"; Value = "94mcd"; VariantName = "[No Variations]"
Add component (AddParameter): Name = "Man Code"; Value = "BL-HKB35A-TRB"; VariantName = "[No Variations]"
Add component (AddParameter): Name = "Manufacturer"; Value = "BRIGHT LED"; VariantName = "[No Variations]"
Add component (AddParameter): Name = "Vf"; Value = "2.2V"; VariantName = "[No Variations]"
Added Component: Designator=D3(LED-0805)
Add component. Clean all parameters for all variants
Add component (AddParameter): Name = "Colour"; Value = "Yellow"; VariantName = "[No Variations]"
Add component (AddParameter): Name = "Component Type"; Value = "Led"; VariantName = "[No Variations]"
Add component (AddParameter): Name = "If"; Value = "20mA"; VariantName = "[No Variations]"
Add component (AddParameter): Name = "Lens Transparency"; Value = "Water Clear"; VariantName = "[No Variations]"
Add component (AddParameter): Name = "Luminous Intensity"; Value = "94mcd"; VariantName = "[No Variations]"
Add component (AddParameter): Name = "Man Code"; Value = "BL-HKB35A-TRB"; VariantName = "[No Variations]"
Add component (AddParameter): Name = "Manufacturer"; Value = "BRIGHT LED"; VariantName = "[No Variations]"
Add component (AddParameter): Name = "Vf"; Value = "2.2V"; VariantName = "[No Variations]"
Added Component: Designator=D4(LED-0805)
Add component. Clean all parameters for all variants
Add component (AddParameter): Name = "Colour"; Value = "Yellow"; VariantName = "[No Variations]"
Add component (AddParameter): Name = "Component Type"; Value = "Led"; VariantName = "[No Variations]"
Add component (AddParameter): Name = "If"; Value = "20mA"; VariantName = "[No Variations]"
Add component (AddParameter): Name = "Lens Transparency"; Value = "Water Clear"; VariantName = "[No Variations]"
Add component (AddParameter): Name = "Luminous Intensity"; Value = "94mcd"; VariantName = "[No Variations]"
Add component (AddParameter): Name = "Man Code"; Value = "BL-HKB35A-TRB"; VariantName = "[No Variations]"
Add component (AddParameter): Name = "Manufacturer"; Value = "BRIGHT LED"; VariantName = "[No Variations]"
Add component (AddParameter): Name = "Vf"; Value = "2.2V"; VariantName = "[No Variations]"
Added Component: Designator=D5(LED-0805)
Add component. Clean all parameters for all variants
Add component (AddParameter): Name = "Colour"; Value = "Yellow"; VariantName = "[No Variations]"
Add component (AddParameter): Name = "Component Type"; Value = "Led"; VariantName = "[No Variations]"
Add component (AddParameter): Name = "If"; Value = "20mA"; VariantName = "[No Variations]"
Add component (AddParameter): Name = "Lens Transparency"; Value = "Water Clear"; VariantName = "[No Variations]"
Add component (AddParameter): Name = "Luminous Intensity"; Value = "94mcd"; VariantName = "[No Variations]"
Add component (AddParameter): Name = "Man Code"; Value = "BL-HKB35A-TRB"; VariantName = "[No Variations]"
Add component (AddParameter): Name = "Manufacturer"; Value = "BRIGHT LED"; VariantName = "[No Variations]"
Add component (AddParameter): Name = "Vf"; Value = "2.2V"; VariantName = "[No Variations]"
Added Component: Designator=D6(LED-0805)
Add component. Clean all parameters for all variants
Add component (AddParameter): Name = "Colour"; Value = "Yellow"; VariantName = "[No Variations]"
Add component (AddParameter): Name = "Component Type"; Value = "Led"; VariantName = "[No Variations]"
Add component (AddParameter): Name = "If"; Value = "20mA"; VariantName = "[No Variations]"
Add component (AddParameter): Name = "Lens Transparency"; Value = "Water Clear"; VariantName = "[No Variations]"
Add component (AddParameter): Name = "Luminous Intensity"; Value = "94mcd"; VariantName = "[No Variations]"
Add component (AddParameter): Name = "Man Code"; Value = "BL-HKB35A-TRB"; VariantName = "[No Variations]"
Add component (AddParameter): Name = "Manufacturer"; Value = "BRIGHT LED"; VariantName = "[No Variations]"
Add component (AddParameter): Name = "Vf"; Value = "2.2V"; VariantName = "[No Variations]"
Added Component: Designator=D7(LED-0805)
Add component. Clean all parameters for all variants
Add component (AddParameter): Name = "Colour"; Value = "Yellow"; VariantName = "[No Variations]"
Add component (AddParameter): Name = "Component Type"; Value = "Led"; VariantName = "[No Variations]"
Add component (AddParameter): Name = "If"; Value = "20mA"; VariantName = "[No Variations]"
Add component (AddParameter): Name = "Lens Transparency"; Value = "Water Clear"; VariantName = "[No Variations]"
Add component (AddParameter): Name = "Luminous Intensity"; Value = "94mcd"; VariantName = "[No Variations]"
Add component (AddParameter): Name = "Man Code"; Value = "BL-HKB35A-TRB"; VariantName = "[No Variations]"
Add component (AddParameter): Name = "Manufacturer"; Value = "BRIGHT LED"; VariantName = "[No Variations]"
Add component (AddParameter): Name = "Vf"; Value = "2.2V"; VariantName = "[No Variations]"
Added Component: Designator=D8(LED-0805)
Add component. Clean all parameters for all variants
Add component (AddParameter): Name = "Colour"; Value = "Yellow"; VariantName = "[No Variations]"
Add component (AddParameter): Name = "Component Type"; Value = "Led"; VariantName = "[No Variations]"
Add component (AddParameter): Name = "If"; Value = "20mA"; VariantName = "[No Variations]"
Add component (AddParameter): Name = "Lens Transparency"; Value = "Water Clear"; VariantName = "[No Variations]"
Add component (AddParameter): Name = "Luminous Intensity"; Value = "94mcd"; VariantName = "[No Variations]"
Add component (AddParameter): Name = "Man Code"; Value = "BL-HKB35A-TRB"; VariantName = "[No Variations]"
Add component (AddParameter): Name = "Manufacturer"; Value = "BRIGHT LED"; VariantName = "[No Variations]"
Add component (AddParameter): Name = "Vf"; Value = "2.2V"; VariantName = "[No Variations]"
Added Component: Designator=D9(LED-0805)
Add component. Clean all parameters for all variants
Add component (AddParameter): Name = "Colour"; Value = "Yellow"; VariantName = "[No Variations]"
Add component (AddParameter): Name = "Component Type"; Value = "Led"; VariantName = "[No Variations]"
Add component (AddParameter): Name = "If"; Value = "20mA"; VariantName = "[No Variations]"
Add component (AddParameter): Name = "Lens Transparency"; Value = "Water Clear"; VariantName = "[No Variations]"
Add component (AddParameter): Name = "Luminous Intensity"; Value = "94mcd"; VariantName = "[No Variations]"
Add component (AddParameter): Name = "Man Code"; Value = "BL-HKB35A-TRB"; VariantName = "[No Variations]"
Add component (AddParameter): Name = "Manufacturer"; Value = "BRIGHT LED"; VariantName = "[No Variations]"
Add component (AddParameter): Name = "Vf"; Value = "2.2V"; VariantName = "[No Variations]"
Added Component: Designator=L1(IND_EATON_DR125-4R7-R)
Add component. Clean all parameters for all variants
Add component (AddParameter): Name = "Component Type"; Value = "Fixed Inductor"; VariantName = "[No Variations]"
Add component (AddParameter): Name = "Man Code"; Value = "DR125-4R7-R"; VariantName = "[No Variations]"
Add component (AddParameter): Name = "Manufacturer"; Value = "Eaton"; VariantName = "[No Variations]"
Add component (AddParameter): Name = "Max DC Current"; Value = "7.18A"; VariantName = "[No Variations]"
Add component (AddParameter): Name = "Max Dc Resistance"; Value = "10.5mOhm"; VariantName = "[No Variations]"
Add component (AddParameter): Name = "Tolerance"; Value = "%20"; VariantName = "[No Variations]"
Add component (AddParameter): Name = "Value"; Value = "4.7uH"; VariantName = "[No Variations]"
Added Component: Designator=P1(D SUB 9PIN FEMALE 90C TH)
Add component. Clean all parameters for all variants
Add component (AddParameter): Name = "Component Type"; Value = "D SUB 9 PIN Female Connector"; VariantName = "[No Variations]"
Add component (AddParameter): Name = "Contact Number"; Value = "9"; VariantName = "[No Variations]"
Add component (AddParameter): Name = "Contact Resistance(max)"; Value = "20mohm"; VariantName = "[No Variations]"
Add component (AddParameter): Name = "Current(max)"; Value = "1.5A"; VariantName = "[No Variations]"
Add component (AddParameter): Name = "Gender"; Value = "Female"; VariantName = "[No Variations]"
Add component (AddParameter): Name = "Man Code"; Value = "DS1037-09FNAKT74"; VariantName = "[No Variations]"
Add component (AddParameter): Name = "Manufacturer"; Value = "CONNFLY"; VariantName = "[No Variations]"
Add component (AddParameter): Name = "Mating Connector"; Value = "L-KLS1-213-09-M-L"; VariantName = "[No Variations]"
Add component (AddParameter): Name = "Mounting Angle"; Value = "90"; VariantName = "[No Variations]"
Add component (AddParameter): Name = "Mounting Style"; Value = "Through Hole"; VariantName = "[No Variations]"
Add component (AddParameter): Name = "Number of Row"; Value = "2"; VariantName = "[No Variations]"
Add component (AddParameter): Name = "Pitch"; Value = "2.77mm"; VariantName = "[No Variations]"
Added Component: Designator=P2(D SUB 9PIN FEMALE 90C TH)
Add component. Clean all parameters for all variants
Add component (AddParameter): Name = "Component Type"; Value = "D SUB 9 PIN Female Connector"; VariantName = "[No Variations]"
Add component (AddParameter): Name = "Contact Number"; Value = "9"; VariantName = "[No Variations]"
Add component (AddParameter): Name = "Contact Resistance(max)"; Value = "20mohm"; VariantName = "[No Variations]"
Add component (AddParameter): Name = "Current(max)"; Value = "1.5A"; VariantName = "[No Variations]"
Add component (AddParameter): Name = "Gender"; Value = "Female"; VariantName = "[No Variations]"
Add component (AddParameter): Name = "Man Code"; Value = "DS1037-09FNAKT74"; VariantName = "[No Variations]"
Add component (AddParameter): Name = "Manufacturer"; Value = "CONNFLY"; VariantName = "[No Variations]"
Add component (AddParameter): Name = "Mating Connector"; Value = "L-KLS1-213-09-M-L"; VariantName = "[No Variations]"
Add component (AddParameter): Name = "Mounting Angle"; Value = "90"; VariantName = "[No Variations]"
Add component (AddParameter): Name = "Mounting Style"; Value = "Through Hole"; VariantName = "[No Variations]"
Add component (AddParameter): Name = "Number of Row"; Value = "2"; VariantName = "[No Variations]"
Add component (AddParameter): Name = "Pitch"; Value = "2.77mm"; VariantName = "[No Variations]"
Added Component: Designator=P3(MICRO USB B SMD)
Add component. Clean all parameters for all variants
Add component (AddParameter): Name = "Component Type"; Value = "MICRO USB B Connector"; VariantName = "[No Variations]"
Add component (AddParameter): Name = "Contact Number"; Value = "5"; VariantName = "[No Variations]"
Add component (AddParameter): Name = "Contact Resistance(max)"; Value = "30mohm"; VariantName = "[No Variations]"
Add component (AddParameter): Name = "Current(max)"; Value = "1A"; VariantName = "[No Variations]"
Add component (AddParameter): Name = "Gender"; Value = "Female"; VariantName = "[No Variations]"
Add component (AddParameter): Name = "Man Code"; Value = "5UR2B01MF-105G0BUHR1"; VariantName = "[No Variations]"
Add component (AddParameter): Name = "Manufacturer"; Value = "AMTEK"; VariantName = "[No Variations]"
Add component (AddParameter): Name = "Mating Connector"; Value = "MICRO USB B"; VariantName = "[No Variations]"
Add component (AddParameter): Name = "Mounting Angle"; Value = "90"; VariantName = "[No Variations]"
Add component (AddParameter): Name = "Mounting Style"; Value = "SMD"; VariantName = "[No Variations]"
Add component (AddParameter): Name = "Number of Row"; Value = "1"; VariantName = "[No Variations]"
Add component (AddParameter): Name = "Pitch"; Value = "0.65mm"; VariantName = "[No Variations]"
Added Component: Designator=P4(3PIN MALE 180C TH 2.5mm)
Add component. Clean all parameters for all variants
Add component (AddParameter): Name = "Component Type"; Value = "CONN 3PIN MALE 180C TH 2.5mm"; VariantName = "[No Variations]"
Add component (AddParameter): Name = "Contact Number"; Value = "3"; VariantName = "[No Variations]"
Add component (AddParameter): Name = "Contact Resistance(max)"; Value = "10mohm"; VariantName = "[No Variations]"
Add component (AddParameter): Name = "Current(max)"; Value = "3A"; VariantName = "[No Variations]"
Add component (AddParameter): Name = "Gender"; Value = "Male"; VariantName = "[No Variations]"
Add component (AddParameter): Name = "Man Code"; Value = "L-KLS1-2.50-03-S"; VariantName = "[No Variations]"
Add component (AddParameter): Name = "Manufacturer"; Value = "KLS ELECTRONIC"; VariantName = "[No Variations]"
Add component (AddParameter): Name = "Mating Connector"; Value = "L-KLS1-2.50-03-H"; VariantName = "[No Variations]"
Add component (AddParameter): Name = "Mounting Angle"; Value = "180"; VariantName = "[No Variations]"
Add component (AddParameter): Name = "Mounting Style"; Value = "Through Hole"; VariantName = "[No Variations]"
Add component (AddParameter): Name = "Number of Row"; Value = "1"; VariantName = "[No Variations]"
Add component (AddParameter): Name = "Pitch"; Value = "2.5mm"; VariantName = "[No Variations]"
Added Component: Designator=P5(3PIN MALE 180C TH 2.5mm)
Add component. Clean all parameters for all variants
Add component (AddParameter): Name = "Component Type"; Value = "CONN 3PIN MALE 180C TH 2.5mm"; VariantName = "[No Variations]"
Add component (AddParameter): Name = "Contact Number"; Value = "3"; VariantName = "[No Variations]"
Add component (AddParameter): Name = "Contact Resistance(max)"; Value = "10mohm"; VariantName = "[No Variations]"
Add component (AddParameter): Name = "Current(max)"; Value = "3A"; VariantName = "[No Variations]"
Add component (AddParameter): Name = "Gender"; Value = "Male"; VariantName = "[No Variations]"
Add component (AddParameter): Name = "Man Code"; Value = "L-KLS1-2.50-03-S"; VariantName = "[No Variations]"
Add component (AddParameter): Name = "Manufacturer"; Value = "KLS ELECTRONIC"; VariantName = "[No Variations]"
Add component (AddParameter): Name = "Mating Connector"; Value = "L-KLS1-2.50-03-H"; VariantName = "[No Variations]"
Add component (AddParameter): Name = "Mounting Angle"; Value = "180"; VariantName = "[No Variations]"
Add component (AddParameter): Name = "Mounting Style"; Value = "Through Hole"; VariantName = "[No Variations]"
Add component (AddParameter): Name = "Number of Row"; Value = "1"; VariantName = "[No Variations]"
Add component (AddParameter): Name = "Pitch"; Value = "2.5mm"; VariantName = "[No Variations]"
Added Component: Designator=P6(3PIN MALE 180C TH 2.5mm)
Add component. Clean all parameters for all variants
Add component (AddParameter): Name = "Component Type"; Value = "CONN 3PIN MALE 180C TH 2.5mm"; VariantName = "[No Variations]"
Add component (AddParameter): Name = "Contact Number"; Value = "3"; VariantName = "[No Variations]"
Add component (AddParameter): Name = "Contact Resistance(max)"; Value = "10mohm"; VariantName = "[No Variations]"
Add component (AddParameter): Name = "Current(max)"; Value = "3A"; VariantName = "[No Variations]"
Add component (AddParameter): Name = "Gender"; Value = "Male"; VariantName = "[No Variations]"
Add component (AddParameter): Name = "Man Code"; Value = "L-KLS1-2.50-03-S"; VariantName = "[No Variations]"
Add component (AddParameter): Name = "Manufacturer"; Value = "KLS ELECTRONIC"; VariantName = "[No Variations]"
Add component (AddParameter): Name = "Mating Connector"; Value = "L-KLS1-2.50-03-H"; VariantName = "[No Variations]"
Add component (AddParameter): Name = "Mounting Angle"; Value = "180"; VariantName = "[No Variations]"
Add component (AddParameter): Name = "Mounting Style"; Value = "Through Hole"; VariantName = "[No Variations]"
Add component (AddParameter): Name = "Number of Row"; Value = "1"; VariantName = "[No Variations]"
Add component (AddParameter): Name = "Pitch"; Value = "2.5mm"; VariantName = "[No Variations]"
Added Component: Designator=P7(2 PIN MALE 180C TH 2.50MM)
Add component. Clean all parameters for all variants
Add component (AddParameter): Name = "Component Type"; Value = "CONN 2PIN MALE 180C TH 2.5mm"; VariantName = "[No Variations]"
Add component (AddParameter): Name = "Contact Number"; Value = "3"; VariantName = "[No Variations]"
Add component (AddParameter): Name = "Contact Resistance (Max)"; Value = "10mohm"; VariantName = "[No Variations]"
Add component (AddParameter): Name = "Current(Max)"; Value = "3A"; VariantName = "[No Variations]"
Add component (AddParameter): Name = "Gender"; Value = "Male"; VariantName = "[No Variations]"
Add component (AddParameter): Name = "Man Code"; Value = "L-KLS1-XL4-2.50-02-S"; VariantName = "[No Variations]"
Add component (AddParameter): Name = "Manufacturer"; Value = "KLS ELECTRONIC"; VariantName = "[No Variations]"
Add component (AddParameter): Name = "Mounting Angle"; Value = "180"; VariantName = "[No Variations]"
Add component (AddParameter): Name = "Mounting Style"; Value = "THT"; VariantName = "[No Variations]"
Add component (AddParameter): Name = "Number of Row"; Value = "1"; VariantName = "[No Variations]"
Add component (AddParameter): Name = "Pitch"; Value = "2.50mm"; VariantName = "[No Variations]"
Added Component: Designator=P8(2 PIN MALE 180C TH 2.50MM)
Add component. Clean all parameters for all variants
Add component (AddParameter): Name = "Component Type"; Value = "CONN 2PIN MALE 180C TH 2.5mm"; VariantName = "[No Variations]"
Add component (AddParameter): Name = "Contact Number"; Value = "3"; VariantName = "[No Variations]"
Add component (AddParameter): Name = "Contact Resistance (Max)"; Value = "10mohm"; VariantName = "[No Variations]"
Add component (AddParameter): Name = "Current(Max)"; Value = "3A"; VariantName = "[No Variations]"
Add component (AddParameter): Name = "Gender"; Value = "Male"; VariantName = "[No Variations]"
Add component (AddParameter): Name = "Man Code"; Value = "L-KLS1-XL4-2.50-02-S"; VariantName = "[No Variations]"
Add component (AddParameter): Name = "Manufacturer"; Value = "KLS ELECTRONIC"; VariantName = "[No Variations]"
Add component (AddParameter): Name = "Mounting Angle"; Value = "180"; VariantName = "[No Variations]"
Add component (AddParameter): Name = "Mounting Style"; Value = "THT"; VariantName = "[No Variations]"
Add component (AddParameter): Name = "Number of Row"; Value = "1"; VariantName = "[No Variations]"
Add component (AddParameter): Name = "Pitch"; Value = "2.50mm"; VariantName = "[No Variations]"
Added Component: Designator=P9(2 PIN MALE 180C TH 2.50MM)
Add component. Clean all parameters for all variants
Add component (AddParameter): Name = "Component Type"; Value = "CONN 2PIN MALE 180C TH 2.5mm"; VariantName = "[No Variations]"
Add component (AddParameter): Name = "Contact Number"; Value = "3"; VariantName = "[No Variations]"
Add component (AddParameter): Name = "Contact Resistance (Max)"; Value = "10mohm"; VariantName = "[No Variations]"
Add component (AddParameter): Name = "Current(Max)"; Value = "3A"; VariantName = "[No Variations]"
Add component (AddParameter): Name = "Gender"; Value = "Male"; VariantName = "[No Variations]"
Add component (AddParameter): Name = "Man Code"; Value = "L-KLS1-XL4-2.50-02-S"; VariantName = "[No Variations]"
Add component (AddParameter): Name = "Manufacturer"; Value = "KLS ELECTRONIC"; VariantName = "[No Variations]"
Add component (AddParameter): Name = "Mounting Angle"; Value = "180"; VariantName = "[No Variations]"
Add component (AddParameter): Name = "Mounting Style"; Value = "THT"; VariantName = "[No Variations]"
Add component (AddParameter): Name = "Number of Row"; Value = "1"; VariantName = "[No Variations]"
Add component (AddParameter): Name = "Pitch"; Value = "2.50mm"; VariantName = "[No Variations]"
Added Component: Designator=P10(2x2 Header (2.54mm))
Add component. Clean all parameters for all variants
Add component (AddParameter): Name = "Component Type"; Value = "Header"; VariantName = "[No Variations]"
Add component (AddParameter): Name = "Contact Number"; Value = "4"; VariantName = "[No Variations]"
Add component (AddParameter): Name = "Contact Resistance(max)"; Value = "-"; VariantName = "[No Variations]"
Add component (AddParameter): Name = "Current(max)"; Value = "-"; VariantName = "[No Variations]"
Add component (AddParameter): Name = "Gender"; Value = "Male"; VariantName = "[No Variations]"
Add component (AddParameter): Name = "Man Code"; Value = "2x2 Header"; VariantName = "[No Variations]"
Add component (AddParameter): Name = "Manufacturer"; Value = "-"; VariantName = "[No Variations]"
Add component (AddParameter): Name = "Mating Connector"; Value = "-"; VariantName = "[No Variations]"
Add component (AddParameter): Name = "Mounting Angle"; Value = "180"; VariantName = "[No Variations]"
Add component (AddParameter): Name = "Mounting Style"; Value = "Through Hole"; VariantName = "[No Variations]"
Add component (AddParameter): Name = "Number of Row"; Value = "2"; VariantName = "[No Variations]"
Add component (AddParameter): Name = "Pitch"; Value = "2.54mm"; VariantName = "[No Variations]"
Added Component: Designator=R1(RES-0603)
Add component. Clean all parameters for all variants
Add component (AddParameter): Name = "Component Type"; Value = "Chip Resistor"; VariantName = "[No Variations]"
Add component (AddParameter): Name = "Man Code"; Value = "CRCW06031K00FKEAC"; VariantName = "[No Variations]"
Add component (AddParameter): Name = "Manufacturer"; Value = "Vishay"; VariantName = "[No Variations]"
Add component (AddParameter): Name = "Power"; Value = "0.1W"; VariantName = "[No Variations]"
Add component (AddParameter): Name = "Tolerance"; Value = "%1"; VariantName = "[No Variations]"
Add component (AddParameter): Name = "Value"; Value = "1k"; VariantName = "[No Variations]"
Added Component: Designator=R2(RES-0603)
Add component. Clean all parameters for all variants
Add component (AddParameter): Name = "Component Type"; Value = "Chip Resistor"; VariantName = "[No Variations]"
Add component (AddParameter): Name = "Man Code"; Value = "CRCW06031K00FKEAC"; VariantName = "[No Variations]"
Add component (AddParameter): Name = "Manufacturer"; Value = "Vishay"; VariantName = "[No Variations]"
Add component (AddParameter): Name = "Power"; Value = "0.1W"; VariantName = "[No Variations]"
Add component (AddParameter): Name = "Tolerance"; Value = "%1"; VariantName = "[No Variations]"
Add component (AddParameter): Name = "Value"; Value = "1k"; VariantName = "[No Variations]"
Added Component: Designator=R3(RES-0603)
Add component. Clean all parameters for all variants
Add component (AddParameter): Name = "Component Type"; Value = "Chip Resistor"; VariantName = "[No Variations]"
Add component (AddParameter): Name = "Man Code"; Value = "CRCW06031K00FKEAC"; VariantName = "[No Variations]"
Add component (AddParameter): Name = "Manufacturer"; Value = "Vishay"; VariantName = "[No Variations]"
Add component (AddParameter): Name = "Power"; Value = "0.1W"; VariantName = "[No Variations]"
Add component (AddParameter): Name = "Tolerance"; Value = "%1"; VariantName = "[No Variations]"
Add component (AddParameter): Name = "Value"; Value = "1k"; VariantName = "[No Variations]"
Added Component: Designator=R4(RES-0603)
Add component. Clean all parameters for all variants
Add component (AddParameter): Name = "Component Type"; Value = "Chip Resistor"; VariantName = "[No Variations]"
Add component (AddParameter): Name = "Man Code"; Value = "CRCW06031K00FKEAC"; VariantName = "[No Variations]"
Add component (AddParameter): Name = "Manufacturer"; Value = "Vishay"; VariantName = "[No Variations]"
Add component (AddParameter): Name = "Power"; Value = "0.1W"; VariantName = "[No Variations]"
Add component (AddParameter): Name = "Tolerance"; Value = "%1"; VariantName = "[No Variations]"
Add component (AddParameter): Name = "Value"; Value = "1k"; VariantName = "[No Variations]"
Added Component: Designator=R5(RES-0603)
Add component. Clean all parameters for all variants
Add component (AddParameter): Name = "Component Type"; Value = "Chip Resistor"; VariantName = "[No Variations]"
Add component (AddParameter): Name = "Man Code"; Value = "CRCW060310K0FKEA"; VariantName = "[No Variations]"
Add component (AddParameter): Name = "Manufacturer"; Value = "Vishay"; VariantName = "[No Variations]"
Add component (AddParameter): Name = "Power"; Value = "0.1W"; VariantName = "[No Variations]"
Add component (AddParameter): Name = "Tolerance"; Value = "%1"; VariantName = "[No Variations]"
Add component (AddParameter): Name = "Value"; Value = "10k"; VariantName = "[No Variations]"
Added Component: Designator=R6(RES-0603)
Add component. Clean all parameters for all variants
Add component (AddParameter): Name = "Component Type"; Value = "Chip Resistor"; VariantName = "[No Variations]"
Add component (AddParameter): Name = "Man Code"; Value = "CRCW060310K0FKEA"; VariantName = "[No Variations]"
Add component (AddParameter): Name = "Manufacturer"; Value = "Vishay"; VariantName = "[No Variations]"
Add component (AddParameter): Name = "Power"; Value = "0.1W"; VariantName = "[No Variations]"
Add component (AddParameter): Name = "Tolerance"; Value = "%1"; VariantName = "[No Variations]"
Add component (AddParameter): Name = "Value"; Value = "10k"; VariantName = "[No Variations]"
Added Component: Designator=R7(RES-0603)
Add component. Clean all parameters for all variants
Add component (AddParameter): Name = "Component Type"; Value = "Chip Resistor"; VariantName = "[No Variations]"
Add component (AddParameter): Name = "Man Code"; Value = "CRCW060310K0FKEA"; VariantName = "[No Variations]"
Add component (AddParameter): Name = "Manufacturer"; Value = "Vishay"; VariantName = "[No Variations]"
Add component (AddParameter): Name = "Power"; Value = "0.1W"; VariantName = "[No Variations]"
Add component (AddParameter): Name = "Tolerance"; Value = "%1"; VariantName = "[No Variations]"
Add component (AddParameter): Name = "Value"; Value = "10k"; VariantName = "[No Variations]"
Added Component: Designator=R8(RES-0603)
Add component. Clean all parameters for all variants
Add component (AddParameter): Name = "Component Type"; Value = "Chip Resistor"; VariantName = "[No Variations]"
Add component (AddParameter): Name = "Man Code"; Value = "CRCW060310K0FKEA"; VariantName = "[No Variations]"
Add component (AddParameter): Name = "Manufacturer"; Value = "Vishay"; VariantName = "[No Variations]"
Add component (AddParameter): Name = "Power"; Value = "0.1W"; VariantName = "[No Variations]"
Add component (AddParameter): Name = "Tolerance"; Value = "%1"; VariantName = "[No Variations]"
Add component (AddParameter): Name = "Value"; Value = "10k"; VariantName = "[No Variations]"
Added Component: Designator=R9(RES-0603)
Add component. Clean all parameters for all variants
Add component (AddParameter): Name = "Component Type"; Value = "Chip Resistor"; VariantName = "[No Variations]"
Add component (AddParameter): Name = "Man Code"; Value = "CRCW060310K0FKEA"; VariantName = "[No Variations]"
Add component (AddParameter): Name = "Manufacturer"; Value = "Vishay"; VariantName = "[No Variations]"
Add component (AddParameter): Name = "Power"; Value = "0.1W"; VariantName = "[No Variations]"
Add component (AddParameter): Name = "Tolerance"; Value = "%1"; VariantName = "[No Variations]"
Add component (AddParameter): Name = "Value"; Value = "10k"; VariantName = "[No Variations]"
Added Component: Designator=R10(RES-0603)
Add component. Clean all parameters for all variants
Add component (AddParameter): Name = "Component Type"; Value = "Chip Resistor"; VariantName = "[No Variations]"
Add component (AddParameter): Name = "Man Code"; Value = "CRCW06031K00FKEAC"; VariantName = "[No Variations]"
Add component (AddParameter): Name = "Manufacturer"; Value = "Vishay"; VariantName = "[No Variations]"
Add component (AddParameter): Name = "Power"; Value = "0.1W"; VariantName = "[No Variations]"
Add component (AddParameter): Name = "Tolerance"; Value = "%1"; VariantName = "[No Variations]"
Add component (AddParameter): Name = "Value"; Value = "1k"; VariantName = "[No Variations]"
Added Component: Designator=R11(RES-0603)
Add component. Clean all parameters for all variants
Add component (AddParameter): Name = "Component Type"; Value = "Chip Resistor"; VariantName = "[No Variations]"
Add component (AddParameter): Name = "Man Code"; Value = "CRCW060310K0FKEA"; VariantName = "[No Variations]"
Add component (AddParameter): Name = "Manufacturer"; Value = "Vishay"; VariantName = "[No Variations]"
Add component (AddParameter): Name = "Power"; Value = "0.1W"; VariantName = "[No Variations]"
Add component (AddParameter): Name = "Tolerance"; Value = "%1"; VariantName = "[No Variations]"
Add component (AddParameter): Name = "Value"; Value = "10k"; VariantName = "[No Variations]"
Added Component: Designator=R12(RES-0603)
Add component. Clean all parameters for all variants
Add component (AddParameter): Name = "Component Type"; Value = "Chip Resistor"; VariantName = "[No Variations]"
Add component (AddParameter): Name = "Man Code"; Value = "CRCW06031K00FKEAC"; VariantName = "[No Variations]"
Add component (AddParameter): Name = "Manufacturer"; Value = "Vishay"; VariantName = "[No Variations]"
Add component (AddParameter): Name = "Power"; Value = "0.1W"; VariantName = "[No Variations]"
Add component (AddParameter): Name = "Tolerance"; Value = "%1"; VariantName = "[No Variations]"
Add component (AddParameter): Name = "Value"; Value = "1k"; VariantName = "[No Variations]"
Added Component: Designator=R13(RES-0603)
Add component. Clean all parameters for all variants
Add component (AddParameter): Name = "Component Type"; Value = "Chip Resistor"; VariantName = "[No Variations]"
Add component (AddParameter): Name = "Man Code"; Value = "CRCW06031K00FKEAC"; VariantName = "[No Variations]"
Add component (AddParameter): Name = "Manufacturer"; Value = "Vishay"; VariantName = "[No Variations]"
Add component (AddParameter): Name = "Power"; Value = "0.1W"; VariantName = "[No Variations]"
Add component (AddParameter): Name = "Tolerance"; Value = "%1"; VariantName = "[No Variations]"
Add component (AddParameter): Name = "Value"; Value = "1k"; VariantName = "[No Variations]"
Added Component: Designator=R14(RES-0603)
Add component. Clean all parameters for all variants
Add component (AddParameter): Name = "Component Type"; Value = "Chip Resistor"; VariantName = "[No Variations]"
Add component (AddParameter): Name = "Man Code"; Value = "CRCW06031K00FKEAC"; VariantName = "[No Variations]"
Add component (AddParameter): Name = "Manufacturer"; Value = "Vishay"; VariantName = "[No Variations]"
Add component (AddParameter): Name = "Power"; Value = "0.1W"; VariantName = "[No Variations]"
Add component (AddParameter): Name = "Tolerance"; Value = "%1"; VariantName = "[No Variations]"
Add component (AddParameter): Name = "Value"; Value = "1k"; VariantName = "[No Variations]"
Added Component: Designator=R15(RES-0603)
Add component. Clean all parameters for all variants
Add component (AddParameter): Name = "Component Type"; Value = "Chip Resistor"; VariantName = "[No Variations]"
Add component (AddParameter): Name = "Man Code"; Value = "CRCW06031K00FKEAC"; VariantName = "[No Variations]"
Add component (AddParameter): Name = "Manufacturer"; Value = "Vishay"; VariantName = "[No Variations]"
Add component (AddParameter): Name = "Power"; Value = "0.1W"; VariantName = "[No Variations]"
Add component (AddParameter): Name = "Tolerance"; Value = "%1"; VariantName = "[No Variations]"
Add component (AddParameter): Name = "Value"; Value = "1k"; VariantName = "[No Variations]"
Added Component: Designator=R16(RES-0603)
Add component. Clean all parameters for all variants
Add component (AddParameter): Name = "Component Type"; Value = "Chip Resistor"; VariantName = "[No Variations]"
Add component (AddParameter): Name = "Man Code"; Value = "CRCW06031K00FKEAC"; VariantName = "[No Variations]"
Add component (AddParameter): Name = "Manufacturer"; Value = "Vishay"; VariantName = "[No Variations]"
Add component (AddParameter): Name = "Power"; Value = "0.1W"; VariantName = "[No Variations]"
Add component (AddParameter): Name = "Tolerance"; Value = "%1"; VariantName = "[No Variations]"
Add component (AddParameter): Name = "Value"; Value = "1k"; VariantName = "[No Variations]"
Added Component: Designator=R17(RES-0603)
Add component. Clean all parameters for all variants
Add component (AddParameter): Name = "Component Type"; Value = "Chip Resistor"; VariantName = "[No Variations]"
Add component (AddParameter): Name = "Man Code"; Value = "CRCW06031K00FKEAC"; VariantName = "[No Variations]"
Add component (AddParameter): Name = "Manufacturer"; Value = "Vishay"; VariantName = "[No Variations]"
Add component (AddParameter): Name = "Power"; Value = "0.1W"; VariantName = "[No Variations]"
Add component (AddParameter): Name = "Tolerance"; Value = "%1"; VariantName = "[No Variations]"
Add component (AddParameter): Name = "Value"; Value = "1k"; VariantName = "[No Variations]"
Added Component: Designator=R18(RES-0603)
Add component. Clean all parameters for all variants
Add component (AddParameter): Name = "Component Type"; Value = "Chip Resistor"; VariantName = "[No Variations]"
Add component (AddParameter): Name = "Man Code"; Value = "CRCW06031K00FKEAC"; VariantName = "[No Variations]"
Add component (AddParameter): Name = "Manufacturer"; Value = "Vishay"; VariantName = "[No Variations]"
Add component (AddParameter): Name = "Power"; Value = "0.1W"; VariantName = "[No Variations]"
Add component (AddParameter): Name = "Tolerance"; Value = "%1"; VariantName = "[No Variations]"
Add component (AddParameter): Name = "Value"; Value = "1k"; VariantName = "[No Variations]"
Added Component: Designator=R19(RES-0603)
Add component. Clean all parameters for all variants
Add component (AddParameter): Name = "Component Type"; Value = "Chip Resistor"; VariantName = "[No Variations]"
Add component (AddParameter): Name = "Man Code"; Value = "CRCW06031K00FKEAC"; VariantName = "[No Variations]"
Add component (AddParameter): Name = "Manufacturer"; Value = "Vishay"; VariantName = "[No Variations]"
Add component (AddParameter): Name = "Power"; Value = "0.1W"; VariantName = "[No Variations]"
Add component (AddParameter): Name = "Tolerance"; Value = "%1"; VariantName = "[No Variations]"
Add component (AddParameter): Name = "Value"; Value = "1k"; VariantName = "[No Variations]"
Added Component: Designator=R20(RES-0603)
Add component. Clean all parameters for all variants
Add component (AddParameter): Name = "Component Type"; Value = "Chip Resistor"; VariantName = "[No Variations]"
Add component (AddParameter): Name = "Man Code"; Value = "CRCW06031K00FKEAC"; VariantName = "[No Variations]"
Add component (AddParameter): Name = "Manufacturer"; Value = "Vishay"; VariantName = "[No Variations]"
Add component (AddParameter): Name = "Power"; Value = "0.1W"; VariantName = "[No Variations]"
Add component (AddParameter): Name = "Tolerance"; Value = "%1"; VariantName = "[No Variations]"
Add component (AddParameter): Name = "Value"; Value = "1k"; VariantName = "[No Variations]"
Added Component: Designator=R21(RES-0603)
Add component. Clean all parameters for all variants
Add component (AddParameter): Name = "Component Type"; Value = "Chip Resistor"; VariantName = "[No Variations]"
Add component (AddParameter): Name = "Man Code"; Value = "CRCW060310K0FKEA"; VariantName = "[No Variations]"
Add component (AddParameter): Name = "Manufacturer"; Value = "Vishay"; VariantName = "[No Variations]"
Add component (AddParameter): Name = "Power"; Value = "0.1W"; VariantName = "[No Variations]"
Add component (AddParameter): Name = "Tolerance"; Value = "%1"; VariantName = "[No Variations]"
Add component (AddParameter): Name = "Value"; Value = "10k"; VariantName = "[No Variations]"
Added Component: Designator=R22(RES-0603)
Add component. Clean all parameters for all variants
Add component (AddParameter): Name = "Component Type"; Value = "Chip Resistor"; VariantName = "[No Variations]"
Add component (AddParameter): Name = "Man Code"; Value = "ERJ-3EKF5232V"; VariantName = "[No Variations]"
Add component (AddParameter): Name = "Manufacturer"; Value = "Panasonic"; VariantName = "[No Variations]"
Add component (AddParameter): Name = "Power"; Value = "0.1W"; VariantName = "[No Variations]"
Add component (AddParameter): Name = "Tolerance"; Value = "%1"; VariantName = "[No Variations]"
Add component (AddParameter): Name = "Value"; Value = "52.3k"; VariantName = "[No Variations]"
Added Component: Designator=R23(RES-0603)
Add component. Clean all parameters for all variants
Add component (AddParameter): Name = "Component Type"; Value = "Chip Resistor"; VariantName = "[No Variations]"
Add component (AddParameter): Name = "Man Code"; Value = "CRCW060310K0FKEA"; VariantName = "[No Variations]"
Add component (AddParameter): Name = "Manufacturer"; Value = "Vishay"; VariantName = "[No Variations]"
Add component (AddParameter): Name = "Power"; Value = "0.1W"; VariantName = "[No Variations]"
Add component (AddParameter): Name = "Tolerance"; Value = "%1"; VariantName = "[No Variations]"
Add component (AddParameter): Name = "Value"; Value = "10k"; VariantName = "[No Variations]"
Added Component: Designator=S1(2.54mm_Push Button)
Add component. Clean all parameters for all variants
Add component (AddParameter): Name = "Component Type"; Value = "Push Button"; VariantName = "[No Variations]"
Added Component: Designator=TP1(0.8mm Test Point)
Add component. Clean all parameters for all variants
Add component (AddParameter): Name = "Component Type"; Value = "Test Point"; VariantName = "[No Variations]"
Added Component: Designator=TP2(0.8mm Test Point)
Add component. Clean all parameters for all variants
Add component (AddParameter): Name = "Component Type"; Value = "Test Point"; VariantName = "[No Variations]"
Added Component: Designator=TP3(0.8mm Test Point)
Add component. Clean all parameters for all variants
Add component (AddParameter): Name = "Component Type"; Value = "Test Point"; VariantName = "[No Variations]"
Added Component: Designator=TP4(0.8mm Test Point)
Add component. Clean all parameters for all variants
Add component (AddParameter): Name = "Component Type"; Value = "Test Point"; VariantName = "[No Variations]"
Added Component: Designator=TP5(0.8mm Test Point)
Add component. Clean all parameters for all variants
Add component (AddParameter): Name = "Component Type"; Value = "Test Point"; VariantName = "[No Variations]"
Added Component: Designator=TP6(0.8mm Test Point)
Add component. Clean all parameters for all variants
Add component (AddParameter): Name = "Component Type"; Value = "Test Point"; VariantName = "[No Variations]"
Added Component: Designator=U1(TQFP-100 Microchip)
Add component. Clean all parameters for all variants
Add component (AddParameter): Name = "Component Type"; Value = "Microcontroller"; VariantName = "[No Variations]"
Add component (AddParameter): Name = "Man Code"; Value = "ATMEGA2560-16AU"; VariantName = "[No Variations]"
Add component (AddParameter): Name = "Manufacturer"; Value = "Microchip"; VariantName = "[No Variations]"
Add component (AddParameter): Name = "Number Of Bits"; Value = "8-Bit"; VariantName = "[No Variations]"
Add component (AddParameter): Name = "Program Memory Size"; Value = "256KB"; VariantName = "[No Variations]"
Add component (AddParameter): Name = "Speed"; Value = "16Mhz"; VariantName = "[No Variations]"
Add component (AddParameter): Name = "Supply Voltage"; Value = "4.5V - 5.5V"; VariantName = "[No Variations]"
Added Component: Designator=U2(16-SOIC_CH340G)
Add component. Clean all parameters for all variants
Add component (AddParameter): Name = "Component Type"; Value = "USB-TTL Converter"; VariantName = "[No Variations]"
Add component (AddParameter): Name = "Man Code"; Value = "CH340G"; VariantName = "[No Variations]"
Added Component: Designator=U3(16-SOIC_MAX232DR)
Add component. Clean all parameters for all variants
Add component (AddParameter): Name = "Component Type"; Value = "RS-232 Transceiver"; VariantName = "[No Variations]"
Add component (AddParameter): Name = "Data Rate"; Value = "120Kbps"; VariantName = "[No Variations]"
Add component (AddParameter): Name = "Man Code"; Value = "MAX232DR"; VariantName = "[No Variations]"
Add component (AddParameter): Name = "Manufacturer"; Value = "Texas Instruments"; VariantName = "[No Variations]"
Add component (AddParameter): Name = "Supply Voltage"; Value = "4.5V - 5.5V"; VariantName = "[No Variations]"
Added Component: Designator=U4(SOT-563)
Add component. Clean all parameters for all variants
Add component (AddParameter): Name = "Component Type"; Value = "Switcher"; VariantName = "[No Variations]"
Add component (AddParameter): Name = "Man Code"; Value = "TPS562202DRLR"; VariantName = "[No Variations]"
Add component (AddParameter): Name = "Manufacturer"; Value = "Texas Instruments"; VariantName = "[No Variations]"
Added Component: Designator=X1(OSC-THT (11.5*5.00*3.60))
Add component. Clean all parameters for all variants
Add component (AddParameter): Name = "Capacitance"; Value = "16pF"; VariantName = "[No Variations]"
Add component (AddParameter): Name = "Component Type"; Value = "Crystal Oscillator"; VariantName = "[No Variations]"
Add component (AddParameter): Name = "ESR"; Value = "30ohm"; VariantName = "[No Variations]"
Add component (AddParameter): Name = "Frequency Stability"; Value = "50ppm"; VariantName = "[No Variations]"
Add component (AddParameter): Name = "Frequency Tolerance"; Value = "20ppm"; VariantName = "[No Variations]"
Add component (AddParameter): Name = "Man Code"; Value = "AS49S-16M-FC160F3"; VariantName = "[No Variations]"
Add component (AddParameter): Name = "Manufacturer"; Value = "ANSEN"; VariantName = "[No Variations]"
Add component (AddParameter): Name = "Value"; Value = "16Mhz"; VariantName = "[No Variations]"
Added Component: Designator=X2(OSC-THT (11.5*5.00*3.60))
Add component. Clean all parameters for all variants
Add component (AddParameter): Name = "Capacitance"; Value = "16pF"; VariantName = "[No Variations]"
Add component (AddParameter): Name = "Component Type"; Value = "Crystal Oscillator"; VariantName = "[No Variations]"
Add component (AddParameter): Name = "ESR"; Value = "40ohm"; VariantName = "[No Variations]"
Add component (AddParameter): Name = "Frequency Stability"; Value = "50ppm"; VariantName = "[No Variations]"
Add component (AddParameter): Name = "Frequency Tolerance"; Value = "20ppm"; VariantName = "[No Variations]"
Add component (AddParameter): Name = "Man Code"; Value = "AS49S-12M-FC160F3"; VariantName = "[No Variations]"
Add component (AddParameter): Name = "Manufacturer"; Value = "ANSEN"; VariantName = "[No Variations]"
Add component (AddParameter): Name = "Value"; Value = "12Mhz"; VariantName = "[No Variations]"
Added Pin To Net: NetName=5V Pin=C9-2
Added Pin To Net: NetName=5V Pin=C10-2
Added Pin To Net: NetName=5V Pin=C11-2
Added Pin To Net: NetName=5V Pin=C12-2
Added Pin To Net: NetName=5V Pin=C13-2
Added Pin To Net: NetName=5V Pin=C14-2
Added Pin To Net: NetName=5V Pin=C19-2
Added Pin To Net: NetName=5V Pin=C26-2
Added Pin To Net: NetName=5V Pin=C27-2
Added Pin To Net: NetName=5V Pin=C28-2
Added Pin To Net: NetName=5V Pin=L1-2
Added Pin To Net: NetName=5V Pin=P3-1
Added Pin To Net: NetName=5V Pin=P4-1
Added Pin To Net: NetName=5V Pin=P5-1
Added Pin To Net: NetName=5V Pin=P6-1
Added Pin To Net: NetName=5V Pin=R1-2
Added Pin To Net: NetName=5V Pin=R2-2
Added Pin To Net: NetName=5V Pin=R3-2
Added Pin To Net: NetName=5V Pin=R4-2
Added Pin To Net: NetName=5V Pin=R11-2
Added Pin To Net: NetName=5V Pin=R15-2
Added Pin To Net: NetName=5V Pin=R16-2
Added Pin To Net: NetName=5V Pin=R21-2
Added Pin To Net: NetName=5V Pin=R22-2
Added Pin To Net: NetName=5V Pin=TP6-1
Added Pin To Net: NetName=5V Pin=U1-10
Added Pin To Net: NetName=5V Pin=U1-31
Added Pin To Net: NetName=5V Pin=U1-61
Added Pin To Net: NetName=5V Pin=U1-80
Added Pin To Net: NetName=5V Pin=U1-98
Added Pin To Net: NetName=5V Pin=U1-100
Added Pin To Net: NetName=5V Pin=U2-16
Added Pin To Net: NetName=5V Pin=U3-16
Added Net: Name=5V
Added Pin To Net: NetName=GND Pin=C1-1
Added Pin To Net: NetName=GND Pin=C2-1
Added Pin To Net: NetName=GND Pin=C3-1
Added Pin To Net: NetName=GND Pin=C4-1
Added Pin To Net: NetName=GND Pin=C5-2
Added Pin To Net: NetName=GND Pin=C6-1
Added Pin To Net: NetName=GND Pin=C7-1
Added Pin To Net: NetName=GND Pin=C9-1
Added Pin To Net: NetName=GND Pin=C10-1
Added Pin To Net: NetName=GND Pin=C11-1
Added Pin To Net: NetName=GND Pin=C12-1
Added Pin To Net: NetName=GND Pin=C13-1
Added Pin To Net: NetName=GND Pin=C14-1
Added Pin To Net: NetName=GND Pin=C15-1
Added Pin To Net: NetName=GND Pin=C16-1
Added Pin To Net: NetName=GND Pin=C17-1
Added Pin To Net: NetName=GND Pin=C19-1
Added Pin To Net: NetName=GND Pin=C20-1
Added Pin To Net: NetName=GND Pin=C21-1
Added Pin To Net: NetName=GND Pin=C24-1
Added Pin To Net: NetName=GND Pin=C25-1
Added Pin To Net: NetName=GND Pin=C27-1
Added Pin To Net: NetName=GND Pin=C28-1
Added Pin To Net: NetName=GND Pin=D5-2
Added Pin To Net: NetName=GND Pin=D6-2
Added Pin To Net: NetName=GND Pin=D9-2
Added Pin To Net: NetName=GND Pin=P1-5
Added Pin To Net: NetName=GND Pin=P2-5
Added Pin To Net: NetName=GND Pin=P3-5
Added Pin To Net: NetName=GND Pin=P4-3
Added Pin To Net: NetName=GND Pin=P5-3
Added Pin To Net: NetName=GND Pin=P6-3
Added Pin To Net: NetName=GND Pin=P7-2
Added Pin To Net: NetName=GND Pin=P8-2
Added Pin To Net: NetName=GND Pin=P9-2
Added Pin To Net: NetName=GND Pin=R23-1
Added Pin To Net: NetName=GND Pin=S1-1
Added Pin To Net: NetName=GND Pin=U1-11
Added Pin To Net: NetName=GND Pin=U1-32
Added Pin To Net: NetName=GND Pin=U1-62
Added Pin To Net: NetName=GND Pin=U1-81
Added Pin To Net: NetName=GND Pin=U1-99
Added Pin To Net: NetName=GND Pin=U2-1
Added Pin To Net: NetName=GND Pin=U3-15
Added Pin To Net: NetName=GND Pin=U4-3
Added Net: Name=GND
Added Pin To Net: NetName=HALL_EFFECT Pin=C4-2
Added Pin To Net: NetName=HALL_EFFECT Pin=R9-2
Added Pin To Net: NetName=HALL_EFFECT Pin=TP4-1
Added Pin To Net: NetName=HALL_EFFECT Pin=U1-44
Added Net: Name=HALL_EFFECT
Added Pin To Net: NetName=MCU_USB_N Pin=P3-2
Added Pin To Net: NetName=MCU_USB_N Pin=U2-6
Added Net: Name=MCU_USB_N
Added Pin To Net: NetName=MCU_USB_P Pin=P3-3
Added Pin To Net: NetName=MCU_USB_P Pin=U2-5
Added Net: Name=MCU_USB_P
Added Pin To Net: NetName=MISO Pin=P10-4
Added Pin To Net: NetName=MISO Pin=U1-22
Added Net: Name=MISO
Added Pin To Net: NetName=MOSI Pin=P10-3
Added Pin To Net: NetName=MOSI Pin=U1-21
Added Net: Name=MOSI
Added Pin To Net: NetName=MOTOR_TEMP Pin=C1-2
Added Pin To Net: NetName=MOTOR_TEMP Pin=R6-2
Added Pin To Net: NetName=MOTOR_TEMP Pin=TP1-1
Added Pin To Net: NetName=MOTOR_TEMP Pin=U1-90
Added Net: Name=MOTOR_TEMP
Added Pin To Net: NetName=NetC6_2 Pin=C6-2
Added Pin To Net: NetName=NetC6_2 Pin=U1-33
Added Pin To Net: NetName=NetC6_2 Pin=X1-2
Added Net: Name=NetC6_2
Added Pin To Net: NetName=NetC7_2 Pin=C7-2
Added Pin To Net: NetName=NetC7_2 Pin=U1-34
Added Pin To Net: NetName=NetC7_2 Pin=X1-1
Added Net: Name=NetC7_2
Added Pin To Net: NetName=NetC8_1 Pin=C8-1
Added Pin To Net: NetName=NetC8_1 Pin=R11-1
Added Pin To Net: NetName=NetC8_1 Pin=S1-2
Added Pin To Net: NetName=NetC8_1 Pin=U1-30
Added Net: Name=NetC8_1
Added Pin To Net: NetName=NetC8_2 Pin=C8-2
Added Pin To Net: NetName=NetC8_2 Pin=U2-13
Added Net: Name=NetC8_2
Added Pin To Net: NetName=NetC15_2 Pin=C15-2
Added Pin To Net: NetName=NetC15_2 Pin=U2-7
Added Pin To Net: NetName=NetC15_2 Pin=X2-2
Added Net: Name=NetC15_2
Added Pin To Net: NetName=NetC16_2 Pin=C16-2
Added Pin To Net: NetName=NetC16_2 Pin=U2-4
Added Net: Name=NetC16_2
Added Pin To Net: NetName=NetC17_2 Pin=C17-2
Added Pin To Net: NetName=NetC17_2 Pin=U2-8
Added Pin To Net: NetName=NetC17_2 Pin=X2-1
Added Net: Name=NetC17_2
Added Pin To Net: NetName=NetC18_1 Pin=C18-1
Added Pin To Net: NetName=NetC18_1 Pin=U3-3
Added Net: Name=NetC18_1
Added Pin To Net: NetName=NetC18_2 Pin=C18-2
Added Pin To Net: NetName=NetC18_2 Pin=U3-1
Added Net: Name=NetC18_2
Added Pin To Net: NetName=NetC20_2 Pin=C20-2
Added Pin To Net: NetName=NetC20_2 Pin=U3-2
Added Net: Name=NetC20_2
Added Pin To Net: NetName=NetC21_2 Pin=C21-2
Added Pin To Net: NetName=NetC21_2 Pin=U3-6
Added Net: Name=NetC21_2
Added Pin To Net: NetName=NetC22_1 Pin=C22-1
Added Pin To Net: NetName=NetC22_1 Pin=U3-5
Added Net: Name=NetC22_1
Added Pin To Net: NetName=NetC22_2 Pin=C22-2
Added Pin To Net: NetName=NetC22_2 Pin=U3-4
Added Net: Name=NetC22_2
Added Pin To Net: NetName=NetC23_1 Pin=C23-1
Added Pin To Net: NetName=NetC23_1 Pin=U4-4
Added Net: Name=NetC23_1
Added Pin To Net: NetName=NetC23_2 Pin=C23-2
Added Pin To Net: NetName=NetC23_2 Pin=L1-1
Added Pin To Net: NetName=NetC23_2 Pin=U4-2
Added Net: Name=NetC23_2
Added Pin To Net: NetName=NetC26_1 Pin=C26-1
Added Pin To Net: NetName=NetC26_1 Pin=R22-1
Added Pin To Net: NetName=NetC26_1 Pin=R23-2
Added Pin To Net: NetName=NetC26_1 Pin=U4-6
Added Net: Name=NetC26_1
Added Pin To Net: NetName=NetD1_1 Pin=D1-1
Added Pin To Net: NetName=NetD1_1 Pin=R1-1
Added Net: Name=NetD1_1
Added Pin To Net: NetName=NetD2_1 Pin=D2-1
Added Pin To Net: NetName=NetD2_1 Pin=R2-1
Added Net: Name=NetD2_1
Added Pin To Net: NetName=NetD3_1 Pin=D3-1
Added Pin To Net: NetName=NetD3_1 Pin=R3-1
Added Net: Name=NetD3_1
Added Pin To Net: NetName=NetD4_1 Pin=D4-1
Added Pin To Net: NetName=NetD4_1 Pin=R4-1
Added Net: Name=NetD4_1
Added Pin To Net: NetName=NetD5_1 Pin=D5-1
Added Pin To Net: NetName=NetD5_1 Pin=R5-1
Added Net: Name=NetD5_1
Added Pin To Net: NetName=NetD6_1 Pin=D6-1
Added Pin To Net: NetName=NetD6_1 Pin=R12-1
Added Net: Name=NetD6_1
Added Pin To Net: NetName=NetD7_1 Pin=D7-1
Added Pin To Net: NetName=NetD7_1 Pin=R15-1
Added Net: Name=NetD7_1
Added Pin To Net: NetName=NetD7_2 Pin=D7-2
Added Pin To Net: NetName=NetD7_2 Pin=R14-2
Added Pin To Net: NetName=NetD7_2 Pin=U1-3
Added Net: Name=NetD7_2
Added Pin To Net: NetName=NetD8_1 Pin=D8-1
Added Pin To Net: NetName=NetD8_1 Pin=R16-1
Added Net: Name=NetD8_1
Added Pin To Net: NetName=NetD8_2 Pin=D8-2
Added Pin To Net: NetName=NetD8_2 Pin=R13-2
Added Pin To Net: NetName=NetD8_2 Pin=U1-2
Added Net: Name=NetD8_2
Added Pin To Net: NetName=NetD9_1 Pin=D9-1
Added Pin To Net: NetName=NetD9_1 Pin=R21-1
Added Net: Name=NetD9_1
Added Pin To Net: NetName=NetP4_2 Pin=P4-2
Added Pin To Net: NetName=NetP4_2 Pin=R6-1
Added Net: Name=NetP4_2
Added Pin To Net: NetName=NetP5_2 Pin=P5-2
Added Pin To Net: NetName=NetP5_2 Pin=R7-1
Added Net: Name=NetP5_2
Added Pin To Net: NetName=NetP6_2 Pin=P6-2
Added Pin To Net: NetName=NetP6_2 Pin=R8-1
Added Net: Name=NetP6_2
Added Pin To Net: NetName=NetP8_1 Pin=P8-1
Added Pin To Net: NetName=NetP8_1 Pin=R9-1
Added Net: Name=NetP8_1
Added Pin To Net: NetName=NetP9_1 Pin=P9-1
Added Pin To Net: NetName=NetP9_1 Pin=R10-1
Added Net: Name=NetP9_1
Added Pin To Net: NetName=NetR13_1 Pin=R13-1
Added Pin To Net: NetName=NetR13_1 Pin=U2-2
Added Net: Name=NetR13_1
Added Pin To Net: NetName=NetR14_1 Pin=R14-1
Added Pin To Net: NetName=NetR14_1 Pin=U2-3
Added Net: Name=NetR14_1
Added Pin To Net: NetName=NetR17_1 Pin=R17-1
Added Pin To Net: NetName=NetR17_1 Pin=U3-11
Added Net: Name=NetR17_1
Added Pin To Net: NetName=NetR17_2 Pin=R17-2
Added Pin To Net: NetName=NetR17_2 Pin=U1-46
Added Net: Name=NetR17_2
Added Pin To Net: NetName=NetR18_1 Pin=R18-1
Added Pin To Net: NetName=NetR18_1 Pin=U3-12
Added Net: Name=NetR18_1
Added Pin To Net: NetName=NetR18_2 Pin=R18-2
Added Pin To Net: NetName=NetR18_2 Pin=U1-45
Added Net: Name=NetR18_2
Added Pin To Net: NetName=NetR19_1 Pin=R19-1
Added Pin To Net: NetName=NetR19_1 Pin=U3-10
Added Net: Name=NetR19_1
Added Pin To Net: NetName=NetR19_2 Pin=R19-2
Added Pin To Net: NetName=NetR19_2 Pin=U1-64
Added Net: Name=NetR19_2
Added Pin To Net: NetName=NetR20_1 Pin=R20-1
Added Pin To Net: NetName=NetR20_1 Pin=U3-9
Added Net: Name=NetR20_1
Added Pin To Net: NetName=NetR20_2 Pin=R20-2
Added Pin To Net: NetName=NetR20_2 Pin=U1-63
Added Net: Name=NetR20_2
Added Pin To Net: NetName=POT Pin=C2-2
Added Pin To Net: NetName=POT Pin=R8-2
Added Pin To Net: NetName=POT Pin=TP3-1
Added Pin To Net: NetName=POT Pin=U1-94
Added Net: Name=POT
Added Pin To Net: NetName=PWM Pin=C5-1
Added Pin To Net: NetName=PWM Pin=R10-2
Added Pin To Net: NetName=PWM Pin=TP5-1
Added Pin To Net: NetName=PWM Pin=U1-25
Added Net: Name=PWM
Added Pin To Net: NetName=RS232_RX_1 Pin=D2-2
Added Pin To Net: NetName=RS232_RX_1 Pin=P2-3
Added Pin To Net: NetName=RS232_RX_1 Pin=U3-13
Added Net: Name=RS232_RX_1
Added Pin To Net: NetName=RS232_RX_3 Pin=D4-2
Added Pin To Net: NetName=RS232_RX_3 Pin=P1-3
Added Pin To Net: NetName=RS232_RX_3 Pin=U3-8
Added Net: Name=RS232_RX_3
Added Pin To Net: NetName=RS232_TX_1 Pin=D1-2
Added Pin To Net: NetName=RS232_TX_1 Pin=P2-2
Added Pin To Net: NetName=RS232_TX_1 Pin=U3-14
Added Net: Name=RS232_TX_1
Added Pin To Net: NetName=RS232_TX_3 Pin=D3-2
Added Pin To Net: NetName=RS232_TX_3 Pin=P1-2
Added Pin To Net: NetName=RS232_TX_3 Pin=U3-7
Added Net: Name=RS232_TX_3
Added Pin To Net: NetName=S\S\ Pin=P10-1
Added Pin To Net: NetName=S\S\ Pin=U1-19
Added Net: Name=S\S\
Added Pin To Net: NetName=SCK Pin=P10-2
Added Pin To Net: NetName=SCK Pin=U1-20
Added Net: Name=SCK
Added Pin To Net: NetName=SPEED_SENSE Pin=C3-2
Added Pin To Net: NetName=SPEED_SENSE Pin=R7-2
Added Pin To Net: NetName=SPEED_SENSE Pin=TP2-1
Added Pin To Net: NetName=SPEED_SENSE Pin=U1-43
Added Net: Name=SPEED_SENSE
Added Pin To Net: NetName=TEST_LED Pin=R12-2
Added Pin To Net: NetName=TEST_LED Pin=U1-70
Added Net: Name=TEST_LED
Added Pin To Net: NetName=VIN Pin=C24-2
Added Pin To Net: NetName=VIN Pin=C25-2
Added Pin To Net: NetName=VIN Pin=P7-1
Added Pin To Net: NetName=VIN Pin=R5-2
Added Pin To Net: NetName=VIN Pin=U4-1
Added Pin To Net: NetName=VIN Pin=U4-5
Added Net: Name=VIN
Added Class: Name=Connectors
Added Class: Name=MCU
Added Class: Name=Peripheral
Added Class: Name=Power
Added Room: Name=Connectors
Added Room: Name=MCU
Added Room: Name=Peripheral
Added Room: Name=Power
